2015-07-03 13:06:37,322 - SimpleLog4JLogSystem initialized using logfile 'velocity.log'
2015-07-03 13:06:37,322 - ************************************************************** 
2015-07-03 13:06:37,322 - Starting Jakarta Velocity v1.4
2015-07-03 13:06:37,322 - RuntimeInstance initializing.
2015-07-03 13:06:37,322 - Default Properties File: org\apache\velocity\runtime\defaults\velocity.properties
2015-07-03 13:06:37,322 - Trying to use logger class org.apache.velocity.runtime.log.SimpleLog4JLogSystem
2015-07-03 13:06:37,322 - Using logger class org.apache.velocity.runtime.log.SimpleLog4JLogSystem
2015-07-03 13:06:37,338 - Default ResourceManager initializing. (class org.apache.velocity.runtime.resource.ResourceManagerImpl)
2015-07-03 13:06:37,353 - Resource Loader Instantiated: org.apache.velocity.runtime.resource.loader.ClasspathResourceLoader
2015-07-03 13:06:37,353 - ClasspathResourceLoader : initialization starting.
2015-07-03 13:06:37,353 - ClasspathResourceLoader : initialization complete.
2015-07-03 13:06:37,353 - ResourceCache : initialized. (class org.apache.velocity.runtime.resource.ResourceCacheImpl)
2015-07-03 13:06:37,353 - Default ResourceManager initialization complete.
2015-07-03 13:06:37,369 - Loaded System Directive: org.apache.velocity.runtime.directive.Literal
2015-07-03 13:06:37,384 - Loaded System Directive: org.apache.velocity.runtime.directive.Macro
2015-07-03 13:06:37,400 - Loaded System Directive: org.apache.velocity.runtime.directive.Parse
2015-07-03 13:06:37,400 - Loaded System Directive: org.apache.velocity.runtime.directive.Include
2015-07-03 13:06:37,416 - Loaded System Directive: org.apache.velocity.runtime.directive.Foreach
2015-07-03 13:06:37,509 - Created: 20 parsers.
2015-07-03 13:06:37,556 - Velocimacro : initialization starting.
2015-07-03 13:06:37,556 - Velocimacro : adding VMs from VM library template : VM_global_library.vm
2015-07-03 13:06:37,578 - ResourceManager : unable to find resource 'VM_global_library.vm' in any resource loader.
2015-07-03 13:06:37,578 - Velocimacro : error using  VM library template VM_global_library.vm : org.apache.velocity.exception.ResourceNotFoundException: Unable to find resource 'VM_global_library.vm'
2015-07-03 13:06:37,578 - Velocimacro :  VM library template macro registration complete.
2015-07-03 13:06:37,578 - Velocimacro : allowInline = true : VMs can be defined inline in templates
2015-07-03 13:06:37,578 - Velocimacro : allowInlineToOverride = false : VMs defined inline may NOT replace previous VM definitions
2015-07-03 13:06:37,578 - Velocimacro : allowInlineLocal = false : VMs defined inline will be  global in scope if allowed.
2015-07-03 13:06:37,578 - Velocimacro : messages on  : VM system will output logging messages
2015-07-03 13:06:37,579 - Velocimacro : autoload off  : VM system will not automatically reload global library macros
2015-07-03 13:06:37,579 - Velocimacro : initialization complete.
2015-07-03 13:06:37,579 - Velocity successfully started.
2015-07-03 13:07:27,409 - ResourceManager : found repast/simphony/scenario/Scenario.vt with loader org.apache.velocity.runtime.resource.loader.ClasspathResourceLoader
2015-07-03 13:10:08,238 - SimpleLog4JLogSystem initialized using logfile 'velocity.log'
2015-07-03 13:10:08,238 - ************************************************************** 
2015-07-03 13:10:08,239 - Starting Jakarta Velocity v1.4
2015-07-03 13:10:08,239 - RuntimeInstance initializing.
2015-07-03 13:10:08,239 - Default Properties File: org\apache\velocity\runtime\defaults\velocity.properties
2015-07-03 13:10:08,239 - Trying to use logger class org.apache.velocity.runtime.log.SimpleLog4JLogSystem
2015-07-03 13:10:08,239 - Using logger class org.apache.velocity.runtime.log.SimpleLog4JLogSystem
2015-07-03 13:10:08,253 - Default ResourceManager initializing. (class org.apache.velocity.runtime.resource.ResourceManagerImpl)
2015-07-03 13:10:08,266 - Resource Loader Instantiated: org.apache.velocity.runtime.resource.loader.ClasspathResourceLoader
2015-07-03 13:10:08,267 - ClasspathResourceLoader : initialization starting.
2015-07-03 13:10:08,267 - ClasspathResourceLoader : initialization complete.
2015-07-03 13:10:08,274 - ResourceCache : initialized. (class org.apache.velocity.runtime.resource.ResourceCacheImpl)
2015-07-03 13:10:08,275 - Default ResourceManager initialization complete.
2015-07-03 13:10:08,289 - Loaded System Directive: org.apache.velocity.runtime.directive.Literal
2015-07-03 13:10:08,298 - Loaded System Directive: org.apache.velocity.runtime.directive.Macro
2015-07-03 13:10:08,313 - Loaded System Directive: org.apache.velocity.runtime.directive.Parse
2015-07-03 13:10:08,323 - Loaded System Directive: org.apache.velocity.runtime.directive.Include
2015-07-03 13:10:08,329 - Loaded System Directive: org.apache.velocity.runtime.directive.Foreach
2015-07-03 13:10:08,421 - Created: 20 parsers.
2015-07-03 13:10:08,458 - Velocimacro : initialization starting.
2015-07-03 13:10:08,459 - Velocimacro : adding VMs from VM library template : VM_global_library.vm
2015-07-03 13:10:08,480 - ResourceManager : unable to find resource 'VM_global_library.vm' in any resource loader.
2015-07-03 13:10:08,480 - Velocimacro : error using  VM library template VM_global_library.vm : org.apache.velocity.exception.ResourceNotFoundException: Unable to find resource 'VM_global_library.vm'
2015-07-03 13:10:08,480 - Velocimacro :  VM library template macro registration complete.
2015-07-03 13:10:08,481 - Velocimacro : allowInline = true : VMs can be defined inline in templates
2015-07-03 13:10:08,481 - Velocimacro : allowInlineToOverride = false : VMs defined inline may NOT replace previous VM definitions
2015-07-03 13:10:08,481 - Velocimacro : allowInlineLocal = false : VMs defined inline will be  global in scope if allowed.
2015-07-03 13:10:08,481 - Velocimacro : messages on  : VM system will output logging messages
2015-07-03 13:10:08,481 - Velocimacro : autoload off  : VM system will not automatically reload global library macros
2015-07-03 13:10:08,481 - Velocimacro : initialization complete.
2015-07-03 13:10:08,481 - Velocity successfully started.
2015-07-03 13:12:17,330 - SimpleLog4JLogSystem initialized using logfile 'velocity.log'
2015-07-03 13:12:17,330 - ************************************************************** 
2015-07-03 13:12:17,331 - Starting Jakarta Velocity v1.4
2015-07-03 13:12:17,331 - RuntimeInstance initializing.
2015-07-03 13:12:17,331 - Default Properties File: org\apache\velocity\runtime\defaults\velocity.properties
2015-07-03 13:12:17,331 - Trying to use logger class org.apache.velocity.runtime.log.SimpleLog4JLogSystem
2015-07-03 13:12:17,331 - Using logger class org.apache.velocity.runtime.log.SimpleLog4JLogSystem
2015-07-03 13:12:17,347 - Default ResourceManager initializing. (class org.apache.velocity.runtime.resource.ResourceManagerImpl)
2015-07-03 13:12:17,361 - Resource Loader Instantiated: org.apache.velocity.runtime.resource.loader.ClasspathResourceLoader
2015-07-03 13:12:17,362 - ClasspathResourceLoader : initialization starting.
2015-07-03 13:12:17,362 - ClasspathResourceLoader : initialization complete.
2015-07-03 13:12:17,371 - ResourceCache : initialized. (class org.apache.velocity.runtime.resource.ResourceCacheImpl)
2015-07-03 13:12:17,372 - Default ResourceManager initialization complete.
2015-07-03 13:12:17,388 - Loaded System Directive: org.apache.velocity.runtime.directive.Literal
2015-07-03 13:12:17,397 - Loaded System Directive: org.apache.velocity.runtime.directive.Macro
2015-07-03 13:12:17,411 - Loaded System Directive: org.apache.velocity.runtime.directive.Parse
2015-07-03 13:12:17,420 - Loaded System Directive: org.apache.velocity.runtime.directive.Include
2015-07-03 13:12:17,426 - Loaded System Directive: org.apache.velocity.runtime.directive.Foreach
2015-07-03 13:12:17,520 - Created: 20 parsers.
2015-07-03 13:12:17,558 - Velocimacro : initialization starting.
2015-07-03 13:12:17,559 - Velocimacro : adding VMs from VM library template : VM_global_library.vm
2015-07-03 13:12:17,580 - ResourceManager : unable to find resource 'VM_global_library.vm' in any resource loader.
2015-07-03 13:12:17,580 - Velocimacro : error using  VM library template VM_global_library.vm : org.apache.velocity.exception.ResourceNotFoundException: Unable to find resource 'VM_global_library.vm'
2015-07-03 13:12:17,580 - Velocimacro :  VM library template macro registration complete.
2015-07-03 13:12:17,580 - Velocimacro : allowInline = true : VMs can be defined inline in templates
2015-07-03 13:12:17,580 - Velocimacro : allowInlineToOverride = false : VMs defined inline may NOT replace previous VM definitions
2015-07-03 13:12:17,580 - Velocimacro : allowInlineLocal = false : VMs defined inline will be  global in scope if allowed.
2015-07-03 13:12:17,580 - Velocimacro : messages on  : VM system will output logging messages
2015-07-03 13:12:17,581 - Velocimacro : autoload off  : VM system will not automatically reload global library macros
2015-07-03 13:12:17,581 - Velocimacro : initialization complete.
2015-07-03 13:12:17,581 - Velocity successfully started.
2015-07-03 13:15:55,240 - ResourceManager : found repast/simphony/scenario/Scenario.vt with loader org.apache.velocity.runtime.resource.loader.ClasspathResourceLoader
2015-07-03 13:18:42,123 - SimpleLog4JLogSystem initialized using logfile 'velocity.log'
2015-07-03 13:18:42,124 - ************************************************************** 
2015-07-03 13:18:42,124 - Starting Jakarta Velocity v1.4
2015-07-03 13:18:42,124 - RuntimeInstance initializing.
2015-07-03 13:18:42,124 - Default Properties File: org\apache\velocity\runtime\defaults\velocity.properties
2015-07-03 13:18:42,124 - Trying to use logger class org.apache.velocity.runtime.log.SimpleLog4JLogSystem
2015-07-03 13:18:42,124 - Using logger class org.apache.velocity.runtime.log.SimpleLog4JLogSystem
2015-07-03 13:18:42,139 - Default ResourceManager initializing. (class org.apache.velocity.runtime.resource.ResourceManagerImpl)
2015-07-03 13:18:42,154 - Resource Loader Instantiated: org.apache.velocity.runtime.resource.loader.ClasspathResourceLoader
2015-07-03 13:18:42,154 - ClasspathResourceLoader : initialization starting.
2015-07-03 13:18:42,154 - ClasspathResourceLoader : initialization complete.
2015-07-03 13:18:42,164 - ResourceCache : initialized. (class org.apache.velocity.runtime.resource.ResourceCacheImpl)
2015-07-03 13:18:42,165 - Default ResourceManager initialization complete.
2015-07-03 13:18:42,178 - Loaded System Directive: org.apache.velocity.runtime.directive.Literal
2015-07-03 13:18:42,187 - Loaded System Directive: org.apache.velocity.runtime.directive.Macro
2015-07-03 13:18:42,202 - Loaded System Directive: org.apache.velocity.runtime.directive.Parse
2015-07-03 13:18:42,212 - Loaded System Directive: org.apache.velocity.runtime.directive.Include
2015-07-03 13:18:42,217 - Loaded System Directive: org.apache.velocity.runtime.directive.Foreach
2015-07-03 13:18:42,315 - Created: 20 parsers.
2015-07-03 13:18:42,353 - Velocimacro : initialization starting.
2015-07-03 13:18:42,354 - Velocimacro : adding VMs from VM library template : VM_global_library.vm
2015-07-03 13:18:42,375 - ResourceManager : unable to find resource 'VM_global_library.vm' in any resource loader.
2015-07-03 13:18:42,375 - Velocimacro : error using  VM library template VM_global_library.vm : org.apache.velocity.exception.ResourceNotFoundException: Unable to find resource 'VM_global_library.vm'
2015-07-03 13:18:42,375 - Velocimacro :  VM library template macro registration complete.
2015-07-03 13:18:42,375 - Velocimacro : allowInline = true : VMs can be defined inline in templates
2015-07-03 13:18:42,375 - Velocimacro : allowInlineToOverride = false : VMs defined inline may NOT replace previous VM definitions
2015-07-03 13:18:42,375 - Velocimacro : allowInlineLocal = false : VMs defined inline will be  global in scope if allowed.
2015-07-03 13:18:42,375 - Velocimacro : messages on  : VM system will output logging messages
2015-07-03 13:18:42,375 - Velocimacro : autoload off  : VM system will not automatically reload global library macros
2015-07-03 13:18:42,376 - Velocimacro : initialization complete.
2015-07-03 13:18:42,376 - Velocity successfully started.
2015-07-03 14:41:27,925 - SimpleLog4JLogSystem initialized using logfile 'velocity.log'
2015-07-03 14:41:27,927 - ************************************************************** 
2015-07-03 14:41:27,927 - Starting Jakarta Velocity v1.4
2015-07-03 14:41:27,927 - RuntimeInstance initializing.
2015-07-03 14:41:27,927 - Default Properties File: org\apache\velocity\runtime\defaults\velocity.properties
2015-07-03 14:41:27,927 - Trying to use logger class org.apache.velocity.runtime.log.SimpleLog4JLogSystem
2015-07-03 14:41:27,927 - Using logger class org.apache.velocity.runtime.log.SimpleLog4JLogSystem
2015-07-03 14:41:27,943 - Default ResourceManager initializing. (class org.apache.velocity.runtime.resource.ResourceManagerImpl)
2015-07-03 14:41:27,967 - Resource Loader Instantiated: org.apache.velocity.runtime.resource.loader.ClasspathResourceLoader
2015-07-03 14:41:27,967 - ClasspathResourceLoader : initialization starting.
2015-07-03 14:41:27,967 - ClasspathResourceLoader : initialization complete.
2015-07-03 14:41:27,988 - ResourceCache : initialized. (class org.apache.velocity.runtime.resource.ResourceCacheImpl)
2015-07-03 14:41:27,988 - Default ResourceManager initialization complete.
2015-07-03 14:41:28,003 - Loaded System Directive: org.apache.velocity.runtime.directive.Literal
2015-07-03 14:41:28,016 - Loaded System Directive: org.apache.velocity.runtime.directive.Macro
2015-07-03 14:41:28,032 - Loaded System Directive: org.apache.velocity.runtime.directive.Parse
2015-07-03 14:41:28,042 - Loaded System Directive: org.apache.velocity.runtime.directive.Include
2015-07-03 14:41:28,048 - Loaded System Directive: org.apache.velocity.runtime.directive.Foreach
2015-07-03 14:41:28,158 - Created: 20 parsers.
2015-07-03 14:41:28,199 - Velocimacro : initialization starting.
2015-07-03 14:41:28,199 - Velocimacro : adding VMs from VM library template : VM_global_library.vm
2015-07-03 14:41:28,225 - ResourceManager : unable to find resource 'VM_global_library.vm' in any resource loader.
2015-07-03 14:41:28,226 - Velocimacro : error using  VM library template VM_global_library.vm : org.apache.velocity.exception.ResourceNotFoundException: Unable to find resource 'VM_global_library.vm'
2015-07-03 14:41:28,226 - Velocimacro :  VM library template macro registration complete.
2015-07-03 14:41:28,226 - Velocimacro : allowInline = true : VMs can be defined inline in templates
2015-07-03 14:41:28,226 - Velocimacro : allowInlineToOverride = false : VMs defined inline may NOT replace previous VM definitions
2015-07-03 14:41:28,226 - Velocimacro : allowInlineLocal = false : VMs defined inline will be  global in scope if allowed.
2015-07-03 14:41:28,226 - Velocimacro : messages on  : VM system will output logging messages
2015-07-03 14:41:28,226 - Velocimacro : autoload off  : VM system will not automatically reload global library macros
2015-07-03 14:41:28,226 - Velocimacro : initialization complete.
2015-07-03 14:41:28,226 - Velocity successfully started.
2015-07-03 14:48:55,228 - SimpleLog4JLogSystem initialized using logfile 'velocity.log'
2015-07-03 14:48:55,228 - ************************************************************** 
2015-07-03 14:48:55,228 - Starting Jakarta Velocity v1.4
2015-07-03 14:48:55,228 - RuntimeInstance initializing.
2015-07-03 14:48:55,228 - Default Properties File: org\apache\velocity\runtime\defaults\velocity.properties
2015-07-03 14:48:55,228 - Trying to use logger class org.apache.velocity.runtime.log.SimpleLog4JLogSystem
2015-07-03 14:48:55,228 - Using logger class org.apache.velocity.runtime.log.SimpleLog4JLogSystem
2015-07-03 14:48:55,259 - Default ResourceManager initializing. (class org.apache.velocity.runtime.resource.ResourceManagerImpl)
2015-07-03 14:48:55,275 - Resource Loader Instantiated: org.apache.velocity.runtime.resource.loader.ClasspathResourceLoader
2015-07-03 14:48:55,275 - ClasspathResourceLoader : initialization starting.
2015-07-03 14:48:55,275 - ClasspathResourceLoader : initialization complete.
2015-07-03 14:48:55,275 - ResourceCache : initialized. (class org.apache.velocity.runtime.resource.ResourceCacheImpl)
2015-07-03 14:48:55,275 - Default ResourceManager initialization complete.
2015-07-03 14:48:55,290 - Loaded System Directive: org.apache.velocity.runtime.directive.Literal
2015-07-03 14:48:55,306 - Loaded System Directive: org.apache.velocity.runtime.directive.Macro
2015-07-03 14:48:55,322 - Loaded System Directive: org.apache.velocity.runtime.directive.Parse
2015-07-03 14:48:55,337 - Loaded System Directive: org.apache.velocity.runtime.directive.Include
2015-07-03 14:48:55,345 - Loaded System Directive: org.apache.velocity.runtime.directive.Foreach
2015-07-03 14:48:55,441 - Created: 20 parsers.
2015-07-03 14:48:55,473 - Velocimacro : initialization starting.
2015-07-03 14:48:55,473 - Velocimacro : adding VMs from VM library template : VM_global_library.vm
2015-07-03 14:48:55,509 - ResourceManager : unable to find resource 'VM_global_library.vm' in any resource loader.
2015-07-03 14:48:55,509 - Velocimacro : error using  VM library template VM_global_library.vm : org.apache.velocity.exception.ResourceNotFoundException: Unable to find resource 'VM_global_library.vm'
2015-07-03 14:48:55,509 - Velocimacro :  VM library template macro registration complete.
2015-07-03 14:48:55,509 - Velocimacro : allowInline = true : VMs can be defined inline in templates
2015-07-03 14:48:55,509 - Velocimacro : allowInlineToOverride = false : VMs defined inline may NOT replace previous VM definitions
2015-07-03 14:48:55,509 - Velocimacro : allowInlineLocal = false : VMs defined inline will be  global in scope if allowed.
2015-07-03 14:48:55,509 - Velocimacro : messages on  : VM system will output logging messages
2015-07-03 14:48:55,509 - Velocimacro : autoload off  : VM system will not automatically reload global library macros
2015-07-03 14:48:55,509 - Velocimacro : initialization complete.
2015-07-03 14:48:55,510 - Velocity successfully started.
2015-07-03 14:49:42,189 - SimpleLog4JLogSystem initialized using logfile 'velocity.log'
2015-07-03 14:49:42,189 - ************************************************************** 
2015-07-03 14:49:42,189 - Starting Jakarta Velocity v1.4
2015-07-03 14:49:42,189 - RuntimeInstance initializing.
2015-07-03 14:49:42,189 - Default Properties File: org\apache\velocity\runtime\defaults\velocity.properties
2015-07-03 14:49:42,189 - Trying to use logger class org.apache.velocity.runtime.log.SimpleLog4JLogSystem
2015-07-03 14:49:42,189 - Using logger class org.apache.velocity.runtime.log.SimpleLog4JLogSystem
2015-07-03 14:49:42,209 - Default ResourceManager initializing. (class org.apache.velocity.runtime.resource.ResourceManagerImpl)
2015-07-03 14:49:42,227 - Resource Loader Instantiated: org.apache.velocity.runtime.resource.loader.ClasspathResourceLoader
2015-07-03 14:49:42,233 - ClasspathResourceLoader : initialization starting.
2015-07-03 14:49:42,233 - ClasspathResourceLoader : initialization complete.
2015-07-03 14:49:42,247 - ResourceCache : initialized. (class org.apache.velocity.runtime.resource.ResourceCacheImpl)
2015-07-03 14:49:42,247 - Default ResourceManager initialization complete.
2015-07-03 14:49:42,250 - Loaded System Directive: org.apache.velocity.runtime.directive.Literal
2015-07-03 14:49:42,273 - Loaded System Directive: org.apache.velocity.runtime.directive.Macro
2015-07-03 14:49:42,284 - Loaded System Directive: org.apache.velocity.runtime.directive.Parse
2015-07-03 14:49:42,304 - Loaded System Directive: org.apache.velocity.runtime.directive.Include
2015-07-03 14:49:42,313 - Loaded System Directive: org.apache.velocity.runtime.directive.Foreach
2015-07-03 14:49:42,431 - Created: 20 parsers.
2015-07-03 14:49:42,476 - Velocimacro : initialization starting.
2015-07-03 14:49:42,477 - Velocimacro : adding VMs from VM library template : VM_global_library.vm
2015-07-03 14:49:42,502 - ResourceManager : unable to find resource 'VM_global_library.vm' in any resource loader.
2015-07-03 14:49:42,503 - Velocimacro : error using  VM library template VM_global_library.vm : org.apache.velocity.exception.ResourceNotFoundException: Unable to find resource 'VM_global_library.vm'
2015-07-03 14:49:42,503 - Velocimacro :  VM library template macro registration complete.
2015-07-03 14:49:42,503 - Velocimacro : allowInline = true : VMs can be defined inline in templates
2015-07-03 14:49:42,503 - Velocimacro : allowInlineToOverride = false : VMs defined inline may NOT replace previous VM definitions
2015-07-03 14:49:42,503 - Velocimacro : allowInlineLocal = false : VMs defined inline will be  global in scope if allowed.
2015-07-03 14:49:42,503 - Velocimacro : messages on  : VM system will output logging messages
2015-07-03 14:49:42,503 - Velocimacro : autoload off  : VM system will not automatically reload global library macros
2015-07-03 14:49:42,503 - Velocimacro : initialization complete.
2015-07-03 14:49:42,503 - Velocity successfully started.
2015-07-03 14:52:16,004 - ResourceManager : found repast/simphony/parameter/parameters.vt with loader org.apache.velocity.runtime.resource.loader.ClasspathResourceLoader
2015-07-03 14:53:07,574 - ResourceManager : found repast/simphony/parameter/parameters.vt with loader org.apache.velocity.runtime.resource.loader.ClasspathResourceLoader
2015-07-03 14:59:54,437 - SimpleLog4JLogSystem initialized using logfile 'velocity.log'
2015-07-03 14:59:54,440 - ************************************************************** 
2015-07-03 14:59:54,440 - Starting Jakarta Velocity v1.4
2015-07-03 14:59:54,441 - RuntimeInstance initializing.
2015-07-03 14:59:54,441 - Default Properties File: org\apache\velocity\runtime\defaults\velocity.properties
2015-07-03 14:59:54,441 - Trying to use logger class org.apache.velocity.runtime.log.SimpleLog4JLogSystem
2015-07-03 14:59:54,441 - Using logger class org.apache.velocity.runtime.log.SimpleLog4JLogSystem
2015-07-03 14:59:54,467 - Default ResourceManager initializing. (class org.apache.velocity.runtime.resource.ResourceManagerImpl)
2015-07-03 14:59:54,490 - Resource Loader Instantiated: org.apache.velocity.runtime.resource.loader.ClasspathResourceLoader
2015-07-03 14:59:54,490 - ClasspathResourceLoader : initialization starting.
2015-07-03 14:59:54,490 - ClasspathResourceLoader : initialization complete.
2015-07-03 14:59:54,502 - ResourceCache : initialized. (class org.apache.velocity.runtime.resource.ResourceCacheImpl)
2015-07-03 14:59:54,502 - Default ResourceManager initialization complete.
2015-07-03 14:59:54,516 - Loaded System Directive: org.apache.velocity.runtime.directive.Literal
2015-07-03 14:59:54,524 - Loaded System Directive: org.apache.velocity.runtime.directive.Macro
2015-07-03 14:59:54,557 - Loaded System Directive: org.apache.velocity.runtime.directive.Parse
2015-07-03 14:59:54,566 - Loaded System Directive: org.apache.velocity.runtime.directive.Include
2015-07-03 14:59:54,571 - Loaded System Directive: org.apache.velocity.runtime.directive.Foreach
2015-07-03 14:59:54,695 - Created: 20 parsers.
2015-07-03 14:59:54,743 - Velocimacro : initialization starting.
2015-07-03 14:59:54,743 - Velocimacro : adding VMs from VM library template : VM_global_library.vm
2015-07-03 14:59:54,769 - ResourceManager : unable to find resource 'VM_global_library.vm' in any resource loader.
2015-07-03 14:59:54,770 - Velocimacro : error using  VM library template VM_global_library.vm : org.apache.velocity.exception.ResourceNotFoundException: Unable to find resource 'VM_global_library.vm'
2015-07-03 14:59:54,770 - Velocimacro :  VM library template macro registration complete.
2015-07-03 14:59:54,770 - Velocimacro : allowInline = true : VMs can be defined inline in templates
2015-07-03 14:59:54,770 - Velocimacro : allowInlineToOverride = false : VMs defined inline may NOT replace previous VM definitions
2015-07-03 14:59:54,770 - Velocimacro : allowInlineLocal = false : VMs defined inline will be  global in scope if allowed.
2015-07-03 14:59:54,770 - Velocimacro : messages on  : VM system will output logging messages
2015-07-03 14:59:54,770 - Velocimacro : autoload off  : VM system will not automatically reload global library macros
2015-07-03 14:59:54,770 - Velocimacro : initialization complete.
2015-07-03 14:59:54,770 - Velocity successfully started.
2015-07-03 15:01:46,896 - SimpleLog4JLogSystem initialized using logfile 'velocity.log'
2015-07-03 15:01:46,896 - ************************************************************** 
2015-07-03 15:01:46,896 - Starting Jakarta Velocity v1.4
2015-07-03 15:01:46,896 - RuntimeInstance initializing.
2015-07-03 15:01:46,896 - Default Properties File: org\apache\velocity\runtime\defaults\velocity.properties
2015-07-03 15:01:46,896 - Trying to use logger class org.apache.velocity.runtime.log.SimpleLog4JLogSystem
2015-07-03 15:01:46,896 - Using logger class org.apache.velocity.runtime.log.SimpleLog4JLogSystem
2015-07-03 15:01:46,921 - Default ResourceManager initializing. (class org.apache.velocity.runtime.resource.ResourceManagerImpl)
2015-07-03 15:01:46,941 - Resource Loader Instantiated: org.apache.velocity.runtime.resource.loader.ClasspathResourceLoader
2015-07-03 15:01:46,942 - ClasspathResourceLoader : initialization starting.
2015-07-03 15:01:46,942 - ClasspathResourceLoader : initialization complete.
2015-07-03 15:01:46,960 - ResourceCache : initialized. (class org.apache.velocity.runtime.resource.ResourceCacheImpl)
2015-07-03 15:01:46,960 - Default ResourceManager initialization complete.
2015-07-03 15:01:46,974 - Loaded System Directive: org.apache.velocity.runtime.directive.Literal
2015-07-03 15:01:46,985 - Loaded System Directive: org.apache.velocity.runtime.directive.Macro
2015-07-03 15:01:47,001 - Loaded System Directive: org.apache.velocity.runtime.directive.Parse
2015-07-03 15:01:47,014 - Loaded System Directive: org.apache.velocity.runtime.directive.Include
2015-07-03 15:01:47,019 - Loaded System Directive: org.apache.velocity.runtime.directive.Foreach
2015-07-03 15:01:47,132 - Created: 20 parsers.
2015-07-03 15:01:47,176 - Velocimacro : initialization starting.
2015-07-03 15:01:47,176 - Velocimacro : adding VMs from VM library template : VM_global_library.vm
2015-07-03 15:01:47,201 - ResourceManager : unable to find resource 'VM_global_library.vm' in any resource loader.
2015-07-03 15:01:47,202 - Velocimacro : error using  VM library template VM_global_library.vm : org.apache.velocity.exception.ResourceNotFoundException: Unable to find resource 'VM_global_library.vm'
2015-07-03 15:01:47,202 - Velocimacro :  VM library template macro registration complete.
2015-07-03 15:01:47,202 - Velocimacro : allowInline = true : VMs can be defined inline in templates
2015-07-03 15:01:47,202 - Velocimacro : allowInlineToOverride = false : VMs defined inline may NOT replace previous VM definitions
2015-07-03 15:01:47,202 - Velocimacro : allowInlineLocal = false : VMs defined inline will be  global in scope if allowed.
2015-07-03 15:01:47,202 - Velocimacro : messages on  : VM system will output logging messages
2015-07-03 15:01:47,202 - Velocimacro : autoload off  : VM system will not automatically reload global library macros
2015-07-03 15:01:47,202 - Velocimacro : initialization complete.
2015-07-03 15:01:47,202 - Velocity successfully started.
2015-07-03 15:02:37,095 - SimpleLog4JLogSystem initialized using logfile 'velocity.log'
2015-07-03 15:02:37,095 - ************************************************************** 
2015-07-03 15:02:37,095 - Starting Jakarta Velocity v1.4
2015-07-03 15:02:37,095 - RuntimeInstance initializing.
2015-07-03 15:02:37,095 - Default Properties File: org\apache\velocity\runtime\defaults\velocity.properties
2015-07-03 15:02:37,095 - Trying to use logger class org.apache.velocity.runtime.log.SimpleLog4JLogSystem
2015-07-03 15:02:37,095 - Using logger class org.apache.velocity.runtime.log.SimpleLog4JLogSystem
2015-07-03 15:02:37,127 - Default ResourceManager initializing. (class org.apache.velocity.runtime.resource.ResourceManagerImpl)
2015-07-03 15:02:37,142 - Resource Loader Instantiated: org.apache.velocity.runtime.resource.loader.ClasspathResourceLoader
2015-07-03 15:02:37,142 - ClasspathResourceLoader : initialization starting.
2015-07-03 15:02:37,142 - ClasspathResourceLoader : initialization complete.
2015-07-03 15:02:37,142 - ResourceCache : initialized. (class org.apache.velocity.runtime.resource.ResourceCacheImpl)
2015-07-03 15:02:37,142 - Default ResourceManager initialization complete.
2015-07-03 15:02:37,171 - Loaded System Directive: org.apache.velocity.runtime.directive.Literal
2015-07-03 15:02:37,181 - Loaded System Directive: org.apache.velocity.runtime.directive.Macro
2015-07-03 15:02:37,196 - Loaded System Directive: org.apache.velocity.runtime.directive.Parse
2015-07-03 15:02:37,216 - Loaded System Directive: org.apache.velocity.runtime.directive.Include
2015-07-03 15:02:37,220 - Loaded System Directive: org.apache.velocity.runtime.directive.Foreach
2015-07-03 15:02:37,304 - Created: 20 parsers.
2015-07-03 15:02:37,335 - Velocimacro : initialization starting.
2015-07-03 15:02:37,335 - Velocimacro : adding VMs from VM library template : VM_global_library.vm
2015-07-03 15:02:37,366 - ResourceManager : unable to find resource 'VM_global_library.vm' in any resource loader.
2015-07-03 15:02:37,366 - Velocimacro : error using  VM library template VM_global_library.vm : org.apache.velocity.exception.ResourceNotFoundException: Unable to find resource 'VM_global_library.vm'
2015-07-03 15:02:37,366 - Velocimacro :  VM library template macro registration complete.
2015-07-03 15:02:37,366 - Velocimacro : allowInline = true : VMs can be defined inline in templates
2015-07-03 15:02:37,366 - Velocimacro : allowInlineToOverride = false : VMs defined inline may NOT replace previous VM definitions
2015-07-03 15:02:37,366 - Velocimacro : allowInlineLocal = false : VMs defined inline will be  global in scope if allowed.
2015-07-03 15:02:37,366 - Velocimacro : messages on  : VM system will output logging messages
2015-07-03 15:02:37,366 - Velocimacro : autoload off  : VM system will not automatically reload global library macros
2015-07-03 15:02:37,366 - Velocimacro : initialization complete.
2015-07-03 15:02:37,366 - Velocity successfully started.
2015-07-03 15:04:37,722 - SimpleLog4JLogSystem initialized using logfile 'velocity.log'
2015-07-03 15:04:37,723 - ************************************************************** 
2015-07-03 15:04:37,724 - Starting Jakarta Velocity v1.4
2015-07-03 15:04:37,724 - RuntimeInstance initializing.
2015-07-03 15:04:37,724 - Default Properties File: org\apache\velocity\runtime\defaults\velocity.properties
2015-07-03 15:04:37,724 - Trying to use logger class org.apache.velocity.runtime.log.SimpleLog4JLogSystem
2015-07-03 15:04:37,724 - Using logger class org.apache.velocity.runtime.log.SimpleLog4JLogSystem
2015-07-03 15:04:37,745 - Default ResourceManager initializing. (class org.apache.velocity.runtime.resource.ResourceManagerImpl)
2015-07-03 15:04:37,765 - Resource Loader Instantiated: org.apache.velocity.runtime.resource.loader.ClasspathResourceLoader
2015-07-03 15:04:37,766 - ClasspathResourceLoader : initialization starting.
2015-07-03 15:04:37,766 - ClasspathResourceLoader : initialization complete.
2015-07-03 15:04:37,777 - ResourceCache : initialized. (class org.apache.velocity.runtime.resource.ResourceCacheImpl)
2015-07-03 15:04:37,777 - Default ResourceManager initialization complete.
2015-07-03 15:04:37,798 - Loaded System Directive: org.apache.velocity.runtime.directive.Literal
2015-07-03 15:04:37,809 - Loaded System Directive: org.apache.velocity.runtime.directive.Macro
2015-07-03 15:04:37,834 - Loaded System Directive: org.apache.velocity.runtime.directive.Parse
2015-07-03 15:04:37,844 - Loaded System Directive: org.apache.velocity.runtime.directive.Include
2015-07-03 15:04:37,848 - Loaded System Directive: org.apache.velocity.runtime.directive.Foreach
2015-07-03 15:04:37,966 - Created: 20 parsers.
2015-07-03 15:04:38,008 - Velocimacro : initialization starting.
2015-07-03 15:04:38,008 - Velocimacro : adding VMs from VM library template : VM_global_library.vm
2015-07-03 15:04:38,036 - ResourceManager : unable to find resource 'VM_global_library.vm' in any resource loader.
2015-07-03 15:04:38,036 - Velocimacro : error using  VM library template VM_global_library.vm : org.apache.velocity.exception.ResourceNotFoundException: Unable to find resource 'VM_global_library.vm'
2015-07-03 15:04:38,036 - Velocimacro :  VM library template macro registration complete.
2015-07-03 15:04:38,037 - Velocimacro : allowInline = true : VMs can be defined inline in templates
2015-07-03 15:04:38,037 - Velocimacro : allowInlineToOverride = false : VMs defined inline may NOT replace previous VM definitions
2015-07-03 15:04:38,037 - Velocimacro : allowInlineLocal = false : VMs defined inline will be  global in scope if allowed.
2015-07-03 15:04:38,037 - Velocimacro : messages on  : VM system will output logging messages
2015-07-03 15:04:38,037 - Velocimacro : autoload off  : VM system will not automatically reload global library macros
2015-07-03 15:04:38,037 - Velocimacro : initialization complete.
2015-07-03 15:04:38,037 - Velocity successfully started.
2015-07-03 15:08:15,478 - SimpleLog4JLogSystem initialized using logfile 'velocity.log'
2015-07-03 15:08:15,478 - ************************************************************** 
2015-07-03 15:08:15,478 - Starting Jakarta Velocity v1.4
2015-07-03 15:08:15,478 - RuntimeInstance initializing.
2015-07-03 15:08:15,478 - Default Properties File: org\apache\velocity\runtime\defaults\velocity.properties
2015-07-03 15:08:15,478 - Trying to use logger class org.apache.velocity.runtime.log.SimpleLog4JLogSystem
2015-07-03 15:08:15,478 - Using logger class org.apache.velocity.runtime.log.SimpleLog4JLogSystem
2015-07-03 15:08:15,493 - Default ResourceManager initializing. (class org.apache.velocity.runtime.resource.ResourceManagerImpl)
2015-07-03 15:08:15,509 - Resource Loader Instantiated: org.apache.velocity.runtime.resource.loader.ClasspathResourceLoader
2015-07-03 15:08:15,509 - ClasspathResourceLoader : initialization starting.
2015-07-03 15:08:15,509 - ClasspathResourceLoader : initialization complete.
2015-07-03 15:08:15,525 - ResourceCache : initialized. (class org.apache.velocity.runtime.resource.ResourceCacheImpl)
2015-07-03 15:08:15,525 - Default ResourceManager initialization complete.
2015-07-03 15:08:15,540 - Loaded System Directive: org.apache.velocity.runtime.directive.Literal
2015-07-03 15:08:15,556 - Loaded System Directive: org.apache.velocity.runtime.directive.Macro
2015-07-03 15:08:15,572 - Loaded System Directive: org.apache.velocity.runtime.directive.Parse
2015-07-03 15:08:15,572 - Loaded System Directive: org.apache.velocity.runtime.directive.Include
2015-07-03 15:08:15,587 - Loaded System Directive: org.apache.velocity.runtime.directive.Foreach
2015-07-03 15:08:15,681 - Created: 20 parsers.
2015-07-03 15:08:15,721 - Velocimacro : initialization starting.
2015-07-03 15:08:15,721 - Velocimacro : adding VMs from VM library template : VM_global_library.vm
2015-07-03 15:08:15,738 - ResourceManager : unable to find resource 'VM_global_library.vm' in any resource loader.
2015-07-03 15:08:15,738 - Velocimacro : error using  VM library template VM_global_library.vm : org.apache.velocity.exception.ResourceNotFoundException: Unable to find resource 'VM_global_library.vm'
2015-07-03 15:08:15,738 - Velocimacro :  VM library template macro registration complete.
2015-07-03 15:08:15,738 - Velocimacro : allowInline = true : VMs can be defined inline in templates
2015-07-03 15:08:15,738 - Velocimacro : allowInlineToOverride = false : VMs defined inline may NOT replace previous VM definitions
2015-07-03 15:08:15,738 - Velocimacro : allowInlineLocal = false : VMs defined inline will be  global in scope if allowed.
2015-07-03 15:08:15,738 - Velocimacro : messages on  : VM system will output logging messages
2015-07-03 15:08:15,738 - Velocimacro : autoload off  : VM system will not automatically reload global library macros
2015-07-03 15:08:15,738 - Velocimacro : initialization complete.
2015-07-03 15:08:15,738 - Velocity successfully started.
2015-07-03 15:11:14,512 - SimpleLog4JLogSystem initialized using logfile 'velocity.log'
2015-07-03 15:11:14,516 - ************************************************************** 
2015-07-03 15:11:14,518 - Starting Jakarta Velocity v1.4
2015-07-03 15:11:14,518 - RuntimeInstance initializing.
2015-07-03 15:11:14,518 - Default Properties File: org\apache\velocity\runtime\defaults\velocity.properties
2015-07-03 15:11:14,518 - Trying to use logger class org.apache.velocity.runtime.log.SimpleLog4JLogSystem
2015-07-03 15:11:14,518 - Using logger class org.apache.velocity.runtime.log.SimpleLog4JLogSystem
2015-07-03 15:11:14,534 - Default ResourceManager initializing. (class org.apache.velocity.runtime.resource.ResourceManagerImpl)
2015-07-03 15:11:14,557 - Resource Loader Instantiated: org.apache.velocity.runtime.resource.loader.ClasspathResourceLoader
2015-07-03 15:11:14,557 - ClasspathResourceLoader : initialization starting.
2015-07-03 15:11:14,557 - ClasspathResourceLoader : initialization complete.
2015-07-03 15:11:14,569 - ResourceCache : initialized. (class org.apache.velocity.runtime.resource.ResourceCacheImpl)
2015-07-03 15:11:14,569 - Default ResourceManager initialization complete.
2015-07-03 15:11:14,594 - Loaded System Directive: org.apache.velocity.runtime.directive.Literal
2015-07-03 15:11:14,605 - Loaded System Directive: org.apache.velocity.runtime.directive.Macro
2015-07-03 15:11:14,630 - Loaded System Directive: org.apache.velocity.runtime.directive.Parse
2015-07-03 15:11:14,657 - Loaded System Directive: org.apache.velocity.runtime.directive.Include
2015-07-03 15:11:14,661 - Loaded System Directive: org.apache.velocity.runtime.directive.Foreach
2015-07-03 15:11:14,768 - Created: 20 parsers.
2015-07-03 15:11:14,814 - Velocimacro : initialization starting.
2015-07-03 15:11:14,815 - Velocimacro : adding VMs from VM library template : VM_global_library.vm
2015-07-03 15:11:14,839 - ResourceManager : unable to find resource 'VM_global_library.vm' in any resource loader.
2015-07-03 15:11:14,840 - Velocimacro : error using  VM library template VM_global_library.vm : org.apache.velocity.exception.ResourceNotFoundException: Unable to find resource 'VM_global_library.vm'
2015-07-03 15:11:14,840 - Velocimacro :  VM library template macro registration complete.
2015-07-03 15:11:14,840 - Velocimacro : allowInline = true : VMs can be defined inline in templates
2015-07-03 15:11:14,840 - Velocimacro : allowInlineToOverride = false : VMs defined inline may NOT replace previous VM definitions
2015-07-03 15:11:14,840 - Velocimacro : allowInlineLocal = false : VMs defined inline will be  global in scope if allowed.
2015-07-03 15:11:14,841 - Velocimacro : messages on  : VM system will output logging messages
2015-07-03 15:11:14,841 - Velocimacro : autoload off  : VM system will not automatically reload global library macros
2015-07-03 15:11:14,841 - Velocimacro : initialization complete.
2015-07-03 15:11:14,841 - Velocity successfully started.
2015-07-03 15:15:27,213 - SimpleLog4JLogSystem initialized using logfile 'velocity.log'
2015-07-03 15:15:27,215 - ************************************************************** 
2015-07-03 15:15:27,215 - Starting Jakarta Velocity v1.4
2015-07-03 15:15:27,216 - RuntimeInstance initializing.
2015-07-03 15:15:27,216 - Default Properties File: org\apache\velocity\runtime\defaults\velocity.properties
2015-07-03 15:15:27,216 - Trying to use logger class org.apache.velocity.runtime.log.SimpleLog4JLogSystem
2015-07-03 15:15:27,216 - Using logger class org.apache.velocity.runtime.log.SimpleLog4JLogSystem
2015-07-03 15:15:27,242 - Default ResourceManager initializing. (class org.apache.velocity.runtime.resource.ResourceManagerImpl)
2015-07-03 15:15:27,264 - Resource Loader Instantiated: org.apache.velocity.runtime.resource.loader.ClasspathResourceLoader
2015-07-03 15:15:27,264 - ClasspathResourceLoader : initialization starting.
2015-07-03 15:15:27,264 - ClasspathResourceLoader : initialization complete.
2015-07-03 15:15:27,283 - ResourceCache : initialized. (class org.apache.velocity.runtime.resource.ResourceCacheImpl)
2015-07-03 15:15:27,284 - Default ResourceManager initialization complete.
2015-07-03 15:15:27,309 - Loaded System Directive: org.apache.velocity.runtime.directive.Literal
2015-07-03 15:15:27,318 - Loaded System Directive: org.apache.velocity.runtime.directive.Macro
2015-07-03 15:15:27,341 - Loaded System Directive: org.apache.velocity.runtime.directive.Parse
2015-07-03 15:15:27,369 - Loaded System Directive: org.apache.velocity.runtime.directive.Include
2015-07-03 15:15:27,377 - Loaded System Directive: org.apache.velocity.runtime.directive.Foreach
2015-07-03 15:15:27,544 - Created: 20 parsers.
2015-07-03 15:15:27,614 - Velocimacro : initialization starting.
2015-07-03 15:15:27,614 - Velocimacro : adding VMs from VM library template : VM_global_library.vm
2015-07-03 15:15:27,654 - ResourceManager : unable to find resource 'VM_global_library.vm' in any resource loader.
2015-07-03 15:15:27,655 - Velocimacro : error using  VM library template VM_global_library.vm : org.apache.velocity.exception.ResourceNotFoundException: Unable to find resource 'VM_global_library.vm'
2015-07-03 15:15:27,655 - Velocimacro :  VM library template macro registration complete.
2015-07-03 15:15:27,656 - Velocimacro : allowInline = true : VMs can be defined inline in templates
2015-07-03 15:15:27,656 - Velocimacro : allowInlineToOverride = false : VMs defined inline may NOT replace previous VM definitions
2015-07-03 15:15:27,656 - Velocimacro : allowInlineLocal = false : VMs defined inline will be  global in scope if allowed.
2015-07-03 15:15:27,657 - Velocimacro : messages on  : VM system will output logging messages
2015-07-03 15:15:27,657 - Velocimacro : autoload off  : VM system will not automatically reload global library macros
2015-07-03 15:15:27,657 - Velocimacro : initialization complete.
2015-07-03 15:15:27,657 - Velocity successfully started.
2015-07-03 15:19:50,241 - SimpleLog4JLogSystem initialized using logfile 'velocity.log'
2015-07-03 15:19:50,241 - ************************************************************** 
2015-07-03 15:19:50,241 - Starting Jakarta Velocity v1.4
2015-07-03 15:19:50,241 - RuntimeInstance initializing.
2015-07-03 15:19:50,241 - Default Properties File: org\apache\velocity\runtime\defaults\velocity.properties
2015-07-03 15:19:50,241 - Trying to use logger class org.apache.velocity.runtime.log.SimpleLog4JLogSystem
2015-07-03 15:19:50,241 - Using logger class org.apache.velocity.runtime.log.SimpleLog4JLogSystem
2015-07-03 15:19:50,279 - Default ResourceManager initializing. (class org.apache.velocity.runtime.resource.ResourceManagerImpl)
2015-07-03 15:19:50,299 - Resource Loader Instantiated: org.apache.velocity.runtime.resource.loader.ClasspathResourceLoader
2015-07-03 15:19:50,300 - ClasspathResourceLoader : initialization starting.
2015-07-03 15:19:50,300 - ClasspathResourceLoader : initialization complete.
2015-07-03 15:19:50,314 - ResourceCache : initialized. (class org.apache.velocity.runtime.resource.ResourceCacheImpl)
2015-07-03 15:19:50,315 - Default ResourceManager initialization complete.
2015-07-03 15:19:50,331 - Loaded System Directive: org.apache.velocity.runtime.directive.Literal
2015-07-03 15:19:50,339 - Loaded System Directive: org.apache.velocity.runtime.directive.Macro
2015-07-03 15:19:50,354 - Loaded System Directive: org.apache.velocity.runtime.directive.Parse
2015-07-03 15:19:50,363 - Loaded System Directive: org.apache.velocity.runtime.directive.Include
2015-07-03 15:19:50,379 - Loaded System Directive: org.apache.velocity.runtime.directive.Foreach
2015-07-03 15:19:50,474 - Created: 20 parsers.
2015-07-03 15:19:50,516 - Velocimacro : initialization starting.
2015-07-03 15:19:50,516 - Velocimacro : adding VMs from VM library template : VM_global_library.vm
2015-07-03 15:19:50,538 - ResourceManager : unable to find resource 'VM_global_library.vm' in any resource loader.
2015-07-03 15:19:50,539 - Velocimacro : error using  VM library template VM_global_library.vm : org.apache.velocity.exception.ResourceNotFoundException: Unable to find resource 'VM_global_library.vm'
2015-07-03 15:19:50,539 - Velocimacro :  VM library template macro registration complete.
2015-07-03 15:19:50,539 - Velocimacro : allowInline = true : VMs can be defined inline in templates
2015-07-03 15:19:50,539 - Velocimacro : allowInlineToOverride = false : VMs defined inline may NOT replace previous VM definitions
2015-07-03 15:19:50,539 - Velocimacro : allowInlineLocal = false : VMs defined inline will be  global in scope if allowed.
2015-07-03 15:19:50,539 - Velocimacro : messages on  : VM system will output logging messages
2015-07-03 15:19:50,539 - Velocimacro : autoload off  : VM system will not automatically reload global library macros
2015-07-03 15:19:50,539 - Velocimacro : initialization complete.
2015-07-03 15:19:50,539 - Velocity successfully started.
2015-07-03 15:21:25,532 - SimpleLog4JLogSystem initialized using logfile 'velocity.log'
2015-07-03 15:21:25,534 - ************************************************************** 
2015-07-03 15:21:25,534 - Starting Jakarta Velocity v1.4
2015-07-03 15:21:25,534 - RuntimeInstance initializing.
2015-07-03 15:21:25,534 - Default Properties File: org\apache\velocity\runtime\defaults\velocity.properties
2015-07-03 15:21:25,534 - Trying to use logger class org.apache.velocity.runtime.log.SimpleLog4JLogSystem
2015-07-03 15:21:25,535 - Using logger class org.apache.velocity.runtime.log.SimpleLog4JLogSystem
2015-07-03 15:21:25,566 - Default ResourceManager initializing. (class org.apache.velocity.runtime.resource.ResourceManagerImpl)
2015-07-03 15:21:25,585 - Resource Loader Instantiated: org.apache.velocity.runtime.resource.loader.ClasspathResourceLoader
2015-07-03 15:21:25,585 - ClasspathResourceLoader : initialization starting.
2015-07-03 15:21:25,585 - ClasspathResourceLoader : initialization complete.
2015-07-03 15:21:25,598 - ResourceCache : initialized. (class org.apache.velocity.runtime.resource.ResourceCacheImpl)
2015-07-03 15:21:25,598 - Default ResourceManager initialization complete.
2015-07-03 15:21:25,612 - Loaded System Directive: org.apache.velocity.runtime.directive.Literal
2015-07-03 15:21:25,625 - Loaded System Directive: org.apache.velocity.runtime.directive.Macro
2015-07-03 15:21:25,645 - Loaded System Directive: org.apache.velocity.runtime.directive.Parse
2015-07-03 15:21:25,667 - Loaded System Directive: org.apache.velocity.runtime.directive.Include
2015-07-03 15:21:25,672 - Loaded System Directive: org.apache.velocity.runtime.directive.Foreach
2015-07-03 15:21:25,785 - Created: 20 parsers.
2015-07-03 15:21:25,828 - Velocimacro : initialization starting.
2015-07-03 15:21:25,828 - Velocimacro : adding VMs from VM library template : VM_global_library.vm
2015-07-03 15:21:25,855 - ResourceManager : unable to find resource 'VM_global_library.vm' in any resource loader.
2015-07-03 15:21:25,856 - Velocimacro : error using  VM library template VM_global_library.vm : org.apache.velocity.exception.ResourceNotFoundException: Unable to find resource 'VM_global_library.vm'
2015-07-03 15:21:25,856 - Velocimacro :  VM library template macro registration complete.
2015-07-03 15:21:25,856 - Velocimacro : allowInline = true : VMs can be defined inline in templates
2015-07-03 15:21:25,856 - Velocimacro : allowInlineToOverride = false : VMs defined inline may NOT replace previous VM definitions
2015-07-03 15:21:25,856 - Velocimacro : allowInlineLocal = false : VMs defined inline will be  global in scope if allowed.
2015-07-03 15:21:25,856 - Velocimacro : messages on  : VM system will output logging messages
2015-07-03 15:21:25,856 - Velocimacro : autoload off  : VM system will not automatically reload global library macros
2015-07-03 15:21:25,856 - Velocimacro : initialization complete.
2015-07-03 15:21:25,856 - Velocity successfully started.
2015-07-03 15:30:56,852 - SimpleLog4JLogSystem initialized using logfile 'velocity.log'
2015-07-03 15:30:56,860 - ************************************************************** 
2015-07-03 15:30:56,860 - Starting Jakarta Velocity v1.4
2015-07-03 15:30:56,860 - RuntimeInstance initializing.
2015-07-03 15:30:56,860 - Default Properties File: org\apache\velocity\runtime\defaults\velocity.properties
2015-07-03 15:30:56,860 - Trying to use logger class org.apache.velocity.runtime.log.SimpleLog4JLogSystem
2015-07-03 15:30:56,860 - Using logger class org.apache.velocity.runtime.log.SimpleLog4JLogSystem
2015-07-03 15:30:56,879 - Default ResourceManager initializing. (class org.apache.velocity.runtime.resource.ResourceManagerImpl)
2015-07-03 15:30:56,894 - Resource Loader Instantiated: org.apache.velocity.runtime.resource.loader.ClasspathResourceLoader
2015-07-03 15:30:56,894 - ClasspathResourceLoader : initialization starting.
2015-07-03 15:30:56,895 - ClasspathResourceLoader : initialization complete.
2015-07-03 15:30:56,904 - ResourceCache : initialized. (class org.apache.velocity.runtime.resource.ResourceCacheImpl)
2015-07-03 15:30:56,904 - Default ResourceManager initialization complete.
2015-07-03 15:30:56,922 - Loaded System Directive: org.apache.velocity.runtime.directive.Literal
2015-07-03 15:30:56,933 - Loaded System Directive: org.apache.velocity.runtime.directive.Macro
2015-07-03 15:30:56,947 - Loaded System Directive: org.apache.velocity.runtime.directive.Parse
2015-07-03 15:30:56,964 - Loaded System Directive: org.apache.velocity.runtime.directive.Include
2015-07-03 15:30:56,972 - Loaded System Directive: org.apache.velocity.runtime.directive.Foreach
2015-07-03 15:30:57,089 - Created: 20 parsers.
2015-07-03 15:30:57,131 - Velocimacro : initialization starting.
2015-07-03 15:30:57,131 - Velocimacro : adding VMs from VM library template : VM_global_library.vm
2015-07-03 15:30:57,155 - ResourceManager : unable to find resource 'VM_global_library.vm' in any resource loader.
2015-07-03 15:30:57,155 - Velocimacro : error using  VM library template VM_global_library.vm : org.apache.velocity.exception.ResourceNotFoundException: Unable to find resource 'VM_global_library.vm'
2015-07-03 15:30:57,155 - Velocimacro :  VM library template macro registration complete.
2015-07-03 15:30:57,155 - Velocimacro : allowInline = true : VMs can be defined inline in templates
2015-07-03 15:30:57,155 - Velocimacro : allowInlineToOverride = false : VMs defined inline may NOT replace previous VM definitions
2015-07-03 15:30:57,155 - Velocimacro : allowInlineLocal = false : VMs defined inline will be  global in scope if allowed.
2015-07-03 15:30:57,155 - Velocimacro : messages on  : VM system will output logging messages
2015-07-03 15:30:57,155 - Velocimacro : autoload off  : VM system will not automatically reload global library macros
2015-07-03 15:30:57,155 - Velocimacro : initialization complete.
2015-07-03 15:30:57,155 - Velocity successfully started.
2015-07-03 15:34:02,883 - SimpleLog4JLogSystem initialized using logfile 'velocity.log'
2015-07-03 15:34:02,905 - ************************************************************** 
2015-07-03 15:34:02,905 - Starting Jakarta Velocity v1.4
2015-07-03 15:34:02,905 - RuntimeInstance initializing.
2015-07-03 15:34:02,905 - Default Properties File: org\apache\velocity\runtime\defaults\velocity.properties
2015-07-03 15:34:02,905 - Trying to use logger class org.apache.velocity.runtime.log.SimpleLog4JLogSystem
2015-07-03 15:34:02,905 - Using logger class org.apache.velocity.runtime.log.SimpleLog4JLogSystem
2015-07-03 15:34:02,925 - Default ResourceManager initializing. (class org.apache.velocity.runtime.resource.ResourceManagerImpl)
2015-07-03 15:34:02,950 - Resource Loader Instantiated: org.apache.velocity.runtime.resource.loader.ClasspathResourceLoader
2015-07-03 15:34:02,951 - ClasspathResourceLoader : initialization starting.
2015-07-03 15:34:02,951 - ClasspathResourceLoader : initialization complete.
2015-07-03 15:34:02,962 - ResourceCache : initialized. (class org.apache.velocity.runtime.resource.ResourceCacheImpl)
2015-07-03 15:34:02,962 - Default ResourceManager initialization complete.
2015-07-03 15:34:02,980 - Loaded System Directive: org.apache.velocity.runtime.directive.Literal
2015-07-03 15:34:03,027 - Loaded System Directive: org.apache.velocity.runtime.directive.Macro
2015-07-03 15:34:03,064 - Loaded System Directive: org.apache.velocity.runtime.directive.Parse
2015-07-03 15:34:03,089 - Loaded System Directive: org.apache.velocity.runtime.directive.Include
2015-07-03 15:34:03,094 - Loaded System Directive: org.apache.velocity.runtime.directive.Foreach
2015-07-03 15:34:03,296 - Created: 20 parsers.
2015-07-03 15:34:03,360 - Velocimacro : initialization starting.
2015-07-03 15:34:03,360 - Velocimacro : adding VMs from VM library template : VM_global_library.vm
2015-07-03 15:34:03,398 - ResourceManager : unable to find resource 'VM_global_library.vm' in any resource loader.
2015-07-03 15:34:03,399 - Velocimacro : error using  VM library template VM_global_library.vm : org.apache.velocity.exception.ResourceNotFoundException: Unable to find resource 'VM_global_library.vm'
2015-07-03 15:34:03,399 - Velocimacro :  VM library template macro registration complete.
2015-07-03 15:34:03,399 - Velocimacro : allowInline = true : VMs can be defined inline in templates
2015-07-03 15:34:03,399 - Velocimacro : allowInlineToOverride = false : VMs defined inline may NOT replace previous VM definitions
2015-07-03 15:34:03,399 - Velocimacro : allowInlineLocal = false : VMs defined inline will be  global in scope if allowed.
2015-07-03 15:34:03,399 - Velocimacro : messages on  : VM system will output logging messages
2015-07-03 15:34:03,399 - Velocimacro : autoload off  : VM system will not automatically reload global library macros
2015-07-03 15:34:03,399 - Velocimacro : initialization complete.
2015-07-03 15:34:03,399 - Velocity successfully started.
2015-07-03 15:36:01,102 - ResourceManager : found repast/simphony/scenario/Scenario.vt with loader org.apache.velocity.runtime.resource.loader.ClasspathResourceLoader
2015-07-03 15:43:01,876 - SimpleLog4JLogSystem initialized using logfile 'velocity.log'
2015-07-03 15:43:01,891 - ************************************************************** 
2015-07-03 15:43:01,891 - Starting Jakarta Velocity v1.4
2015-07-03 15:43:01,891 - RuntimeInstance initializing.
2015-07-03 15:43:01,891 - Default Properties File: org\apache\velocity\runtime\defaults\velocity.properties
2015-07-03 15:43:01,891 - Trying to use logger class org.apache.velocity.runtime.log.SimpleLog4JLogSystem
2015-07-03 15:43:01,891 - Using logger class org.apache.velocity.runtime.log.SimpleLog4JLogSystem
2015-07-03 15:43:01,907 - Default ResourceManager initializing. (class org.apache.velocity.runtime.resource.ResourceManagerImpl)
2015-07-03 15:43:01,923 - Resource Loader Instantiated: org.apache.velocity.runtime.resource.loader.ClasspathResourceLoader
2015-07-03 15:43:01,923 - ClasspathResourceLoader : initialization starting.
2015-07-03 15:43:01,923 - ClasspathResourceLoader : initialization complete.
2015-07-03 15:43:01,938 - ResourceCache : initialized. (class org.apache.velocity.runtime.resource.ResourceCacheImpl)
2015-07-03 15:43:01,938 - Default ResourceManager initialization complete.
2015-07-03 15:43:01,938 - Loaded System Directive: org.apache.velocity.runtime.directive.Literal
2015-07-03 15:43:01,954 - Loaded System Directive: org.apache.velocity.runtime.directive.Macro
2015-07-03 15:43:01,969 - Loaded System Directive: org.apache.velocity.runtime.directive.Parse
2015-07-03 15:43:01,985 - Loaded System Directive: org.apache.velocity.runtime.directive.Include
2015-07-03 15:43:01,985 - Loaded System Directive: org.apache.velocity.runtime.directive.Foreach
2015-07-03 15:43:02,079 - Created: 20 parsers.
2015-07-03 15:43:02,126 - Velocimacro : initialization starting.
2015-07-03 15:43:02,126 - Velocimacro : adding VMs from VM library template : VM_global_library.vm
2015-07-03 15:43:02,141 - ResourceManager : unable to find resource 'VM_global_library.vm' in any resource loader.
2015-07-03 15:43:02,141 - Velocimacro : error using  VM library template VM_global_library.vm : org.apache.velocity.exception.ResourceNotFoundException: Unable to find resource 'VM_global_library.vm'
2015-07-03 15:43:02,141 - Velocimacro :  VM library template macro registration complete.
2015-07-03 15:43:02,141 - Velocimacro : allowInline = true : VMs can be defined inline in templates
2015-07-03 15:43:02,141 - Velocimacro : allowInlineToOverride = false : VMs defined inline may NOT replace previous VM definitions
2015-07-03 15:43:02,141 - Velocimacro : allowInlineLocal = false : VMs defined inline will be  global in scope if allowed.
2015-07-03 15:43:02,141 - Velocimacro : messages on  : VM system will output logging messages
2015-07-03 15:43:02,141 - Velocimacro : autoload off  : VM system will not automatically reload global library macros
2015-07-03 15:43:02,141 - Velocimacro : initialization complete.
2015-07-03 15:43:02,141 - Velocity successfully started.
